WARNING: NODE_APP_INSTANCE value of '0' did not match any instance config file names.
WARNING: See https://github.com/lorenwest/node-config/wiki/Strict-Mode
Wed, 04 Jan 2017 01:58:07 GMT fa init fa instance
Wed, 04 Jan 2017 01:58:08 GMT fa:express create express app and mount to fa.app
Wed, 04 Jan 2017 01:58:08 GMT express:application set "x-powered-by" to true
Wed, 04 Jan 2017 01:58:08 GMT express:application set "etag" to 'weak'
Wed, 04 Jan 2017 01:58:08 GMT express:application set "etag fn" to [Function: wetag]
Wed, 04 Jan 2017 01:58:08 GMT express:application set "env" to 'test'
Wed, 04 Jan 2017 01:58:08 GMT express:application set "query parser" to 'extended'
Wed, 04 Jan 2017 01:58:08 GMT express:application set "query parser fn" to [Function: parseExtendedQueryString]
Wed, 04 Jan 2017 01:58:08 GMT express:application set "subdomain offset" to 2
Wed, 04 Jan 2017 01:58:08 GMT express:application set "trust proxy" to false
Wed, 04 Jan 2017 01:58:08 GMT express:application set "trust proxy fn" to [Function: trustNone]
Wed, 04 Jan 2017 01:58:08 GMT express:application booting in test mode
Wed, 04 Jan 2017 01:58:08 GMT express:application set "view" to [Function: View]
Wed, 04 Jan 2017 01:58:08 GMT express:application set "views" to 'F:\\work\\dlcms\\views'
Wed, 04 Jan 2017 01:58:08 GMT express:application set "jsonp callback name" to 'callback'
Wed, 04 Jan 2017 01:58:08 GMT fa:middleware mount middleware module to fa.middleware.
Wed, 04 Jan 2017 01:58:08 GMT fa:fa-swig mount fa-swig to fa.swig.
Wed, 04 Jan 2017 01:58:12 GMT express:application set "views" to 'F:\\work\\dlcms\\server\\build\\views'
Wed, 04 Jan 2017 01:58:12 GMT bee:log search api :[promotionx]
Wed, 04 Jan 2017 01:58:12 GMT bee:log searching api :[promotionx]
Wed, 04 Jan 2017 01:58:12 GMT bee:api resolve [promotionx] in [] , current stack :[]
Wed, 04 Jan 2017 01:58:12 GMT bee:api resolve [undefined] in [promotionx] , current stack :[]
Wed, 04 Jan 2017 01:58:12 GMT bee:log found api :[promotionx]
Wed, 04 Jan 2017 01:58:12 GMT bee:log get balanced server in [promotionx]
Wed, 04 Jan 2017 01:58:12 GMT bee:log search api :[promotionx]
Wed, 04 Jan 2017 01:58:12 GMT bee:log found cached api : [promotionx]
Wed, 04 Jan 2017 01:58:12 GMT bee:log get balanced server in [promotionx]
Wed, 04 Jan 2017 01:58:13 GMT bee:log search api :[promotionx]
Wed, 04 Jan 2017 01:58:13 GMT bee:log found cached api : [promotionx]
Wed, 04 Jan 2017 01:58:13 GMT bee:log get balanced server in [promotionx]
Wed, 04 Jan 2017 01:58:13 GMT bee:log search api :[category]
Wed, 04 Jan 2017 01:58:13 GMT bee:log searching api :[category]
Wed, 04 Jan 2017 01:58:13 GMT bee:api resolve [category] in [] , current stack :[]
Wed, 04 Jan 2017 01:58:13 GMT bee:api resolve [undefined] in [category] , current stack :[]
Wed, 04 Jan 2017 01:58:13 GMT bee:log found api :[category]
Wed, 04 Jan 2017 01:58:13 GMT bee:log get balanced server in [category]
Wed, 04 Jan 2017 01:58:13 GMT bee:log search api :[company]
Wed, 04 Jan 2017 01:58:13 GMT bee:log searching api :[company]
Wed, 04 Jan 2017 01:58:13 GMT bee:api resolve [company] in [] , current stack :[]
Wed, 04 Jan 2017 01:58:13 GMT bee:api resolve [undefined] in [company] , current stack :[]
Wed, 04 Jan 2017 01:58:13 GMT bee:log found api :[company]
Wed, 04 Jan 2017 01:58:13 GMT bee:log get balanced server in [company]
Wed, 04 Jan 2017 01:58:13 GMT bee:log search api :[category]
Wed, 04 Jan 2017 01:58:13 GMT bee:log found cached api : [category]
Wed, 04 Jan 2017 01:58:13 GMT bee:log get balanced server in [category]
Wed, 04 Jan 2017 01:58:13 GMT bee:log search api :[promotionx]
Wed, 04 Jan 2017 01:58:13 GMT bee:log found cached api : [promotionx]
Wed, 04 Jan 2017 01:58:13 GMT bee:log get balanced server in [promotionx]
Wed, 04 Jan 2017 01:58:13 GMT express:router use / <anonymous>
Wed, 04 Jan 2017 01:58:13 GMT express:router:layer new /
Wed, 04 Jan 2017 01:58:13 GMT express:router use / <anonymous>
Wed, 04 Jan 2017 01:58:13 GMT express:router:layer new /
Wed, 04 Jan 2017 01:58:13 GMT express:router:route new /login
Wed, 04 Jan 2017 01:58:13 GMT express:router:layer new /login
Wed, 04 Jan 2017 01:58:13 GMT express:router:route get /login
Wed, 04 Jan 2017 01:58:13 GMT express:router:layer new /
Wed, 04 Jan 2017 01:58:13 GMT express:router:route new /logout
Wed, 04 Jan 2017 01:58:13 GMT express:router:layer new /logout
Wed, 04 Jan 2017 01:58:13 GMT express:router:route get /logout
Wed, 04 Jan 2017 01:58:13 GMT express:router:layer new /
Wed, 04 Jan 2017 01:58:13 GMT express:router:route new /login/ticket
Wed, 04 Jan 2017 01:58:13 GMT express:router:layer new /login/ticket
Wed, 04 Jan 2017 01:58:13 GMT express:router:route get /login/ticket
Wed, 04 Jan 2017 01:58:13 GMT express:router:layer new /
Wed, 04 Jan 2017 01:58:13 GMT express:router:route new /
Wed, 04 Jan 2017 01:58:13 GMT express:router:layer new /
Wed, 04 Jan 2017 01:58:13 GMT express:router:route get /
Wed, 04 Jan 2017 01:58:13 GMT express:router:layer new /
Wed, 04 Jan 2017 01:58:13 GMT express:router:route new /m
Wed, 04 Jan 2017 01:58:13 GMT express:router:layer new /m
Wed, 04 Jan 2017 01:58:13 GMT express:router:route get /m
Wed, 04 Jan 2017 01:58:13 GMT express:router:layer new /
Wed, 04 Jan 2017 01:58:13 GMT express:router:route get /m
Wed, 04 Jan 2017 01:58:13 GMT express:router:layer new /
Wed, 04 Jan 2017 01:58:13 GMT express:router:route get /m
Wed, 04 Jan 2017 01:58:13 GMT express:router:layer new /
Wed, 04 Jan 2017 01:58:13 GMT express:router:route new /error
Wed, 04 Jan 2017 01:58:13 GMT express:router:layer new /error
Wed, 04 Jan 2017 01:58:13 GMT express:router:route get /error
Wed, 04 Jan 2017 01:58:13 GMT express:router:layer new /
Wed, 04 Jan 2017 01:58:13 GMT express:router use / checkLogin
Wed, 04 Jan 2017 01:58:13 GMT express:router:layer new /
Wed, 04 Jan 2017 01:58:13 GMT express:router:route new /login/user
Wed, 04 Jan 2017 01:58:13 GMT express:router:layer new /login/user
Wed, 04 Jan 2017 01:58:13 GMT express:router:route get /login/user
Wed, 04 Jan 2017 01:58:13 GMT express:router:layer new /
Wed, 04 Jan 2017 01:58:13 GMT express:router:route new /activity/chance
Wed, 04 Jan 2017 01:58:13 GMT express:router:layer new /activity/chance
Wed, 04 Jan 2017 01:58:13 GMT express:router:route get /activity/chance
Wed, 04 Jan 2017 01:58:13 GMT express:router:layer new /
Wed, 04 Jan 2017 01:58:13 GMT express:router:route get /activity/chance
Wed, 04 Jan 2017 01:58:13 GMT express:router:layer new /
Wed, 04 Jan 2017 01:58:13 GMT express:router:route new /activity/roll
Wed, 04 Jan 2017 01:58:13 GMT express:router:layer new /activity/roll
Wed, 04 Jan 2017 01:58:13 GMT express:router:route get /activity/roll
Wed, 04 Jan 2017 01:58:13 GMT express:router:layer new /
Wed, 04 Jan 2017 01:58:13 GMT express:router:route get /activity/roll
Wed, 04 Jan 2017 01:58:13 GMT express:router:layer new /
Wed, 04 Jan 2017 01:58:13 GMT express:router:route new /activity/award_list
Wed, 04 Jan 2017 01:58:13 GMT express:router:layer new /activity/award_list
Wed, 04 Jan 2017 01:58:13 GMT express:router:route get /activity/award_list
Wed, 04 Jan 2017 01:58:13 GMT express:router:layer new /
Wed, 04 Jan 2017 01:58:13 GMT express:router:route get /activity/award_list
Wed, 04 Jan 2017 01:58:13 GMT express:router:layer new /
Wed, 04 Jan 2017 01:58:13 GMT fa fa modules has been loaded.
Wed, 04 Jan 2017 01:58:13 GMT fa configure fa.app
Wed, 04 Jan 2017 01:58:13 GMT express:application set "view engine" to 'tpl'
Wed, 04 Jan 2017 01:58:13 GMT express:application set "view cache" to false
Wed, 04 Jan 2017 01:58:13 GMT express:application set "x-powered-by" to false
Wed, 04 Jan 2017 01:58:13 GMT fa install middlewares to fa.app
Wed, 04 Jan 2017 01:58:13 GMT fa middleware [compression] disabled
Wed, 04 Jan 2017 01:58:13 GMT fa middleware [methodOverride] disabled
Wed, 04 Jan 2017 01:58:13 GMT fa middleware [liveless] disabled
Wed, 04 Jan 2017 01:58:13 GMT fa middleware [liveload] disabled
Wed, 04 Jan 2017 01:58:13 GMT fa install middlewares in order：[favicon,responseTime,bodyParser,cookieParser,session,data,static,horse]
Wed, 04 Jan 2017 01:58:13 GMT express:router use / query
Wed, 04 Jan 2017 01:58:13 GMT express:router:layer new /
Wed, 04 Jan 2017 01:58:13 GMT express:router use / expressInit
Wed, 04 Jan 2017 01:58:13 GMT express:router:layer new /
Wed, 04 Jan 2017 01:58:13 GMT express:router use / favicon
Wed, 04 Jan 2017 01:58:13 GMT express:router:layer new /
Wed, 04 Jan 2017 01:58:13 GMT express:router use / responseTime
Wed, 04 Jan 2017 01:58:13 GMT express:router:layer new /
Wed, 04 Jan 2017 01:58:13 GMT express:router use / urlencodedParser
Wed, 04 Jan 2017 01:58:13 GMT express:router:layer new /
Wed, 04 Jan 2017 01:58:13 GMT express:router use / jsonParser
Wed, 04 Jan 2017 01:58:13 GMT express:router:layer new /
Wed, 04 Jan 2017 01:58:13 GMT express:router use / cookieParser
Wed, 04 Jan 2017 01:58:13 GMT express:router:layer new /
Wed, 04 Jan 2017 01:58:13 GMT fa:middleware:session using connect-redis as session store.
Wed, 04 Jan 2017 01:58:13 GMT fa:middleware:session store configuration is : {"prefix":"DLCMSSESSION:","ttl":1800,"host":"123.57.224.109","port":"19002"}
Wed, 04 Jan 2017 01:58:13 GMT express:router use / session
Wed, 04 Jan 2017 01:58:13 GMT express:router:layer new /
Wed, 04 Jan 2017 01:58:13 GMT express:router use / checkSession
Wed, 04 Jan 2017 01:58:13 GMT express:router:layer new /
Wed, 04 Jan 2017 01:58:13 GMT express:router use / <anonymous>
Wed, 04 Jan 2017 01:58:13 GMT express:router:layer new /
Wed, 04 Jan 2017 01:58:13 GMT fa:middleware:static app url: [/static/], local path: [F:\work\dlcms\server\build\static]
Wed, 04 Jan 2017 01:58:13 GMT express:router use /static/ serveStatic
Wed, 04 Jan 2017 01:58:13 GMT express:router:layer new /static/
Wed, 04 Jan 2017 01:58:13 GMT express:router use /static/ <anonymous>
Wed, 04 Jan 2017 01:58:13 GMT express:router:layer new /static/
Wed, 04 Jan 2017 01:58:13 GMT express:router use / router
Wed, 04 Jan 2017 01:58:13 GMT express:router:layer new /
Wed, 04 Jan 2017 01:58:13 GMT express:router use / router
Wed, 04 Jan 2017 01:58:13 GMT express:router:layer new /
Wed, 04 Jan 2017 01:58:13 GMT fa all the middlewares configured have been installed successful.
Wed, 04 Jan 2017 01:58:13 GMT fa http server is starting
Wed, 04 Jan 2017 01:58:13 GMT fa http server is working at port：88
Wed, 04 Jan 2017 01:58:14 GMT connect:redis Redis returned err { [Error: Redis connection to 123.57.224.109:19002 failed - connect ECONNREFUSED 123.57.224.109:19002]
  code: 'ECONNREFUSED',
  errno: 'ECONNREFUSED',
  syscall: 'connect',
  address: '123.57.224.109',
  port: 19002 }
Wed, 04 Jan 2017 01:58:16 GMT connect:redis Redis returned err { [Error: Redis connection to 123.57.224.109:19002 failed - connect ECONNREFUSED 123.57.224.109:19002]
  code: 'ECONNREFUSED',
  errno: 'ECONNREFUSED',
  syscall: 'connect',
  address: '123.57.224.109',
  port: 19002 }
Wed, 04 Jan 2017 01:58:17 GMT connect:redis Redis returned err { [Error: Redis connection to 123.57.224.109:19002 failed - connect ECONNREFUSED 123.57.224.109:19002]
  code: 'ECONNREFUSED',
  errno: 'ECONNREFUSED',
  syscall: 'connect',
  address: '123.57.224.109',
  port: 19002 }
Wed, 04 Jan 2017 01:58:19 GMT connect:redis Redis returned err { [Error: Redis connection to 123.57.224.109:19002 failed - connect ECONNREFUSED 123.57.224.109:19002]
  code: 'ECONNREFUSED',
  errno: 'ECONNREFUSED',
  syscall: 'connect',
  address: '123.57.224.109',
  port: 19002 }
Wed, 04 Jan 2017 01:58:21 GMT connect:redis Redis returned err { [Error: Redis connection to 123.57.224.109:19002 failed - connect ECONNREFUSED 123.57.224.109:19002]
  code: 'ECONNREFUSED',
  errno: 'ECONNREFUSED',
  syscall: 'connect',
  address: '123.57.224.109',
  port: 19002 }
Wed, 04 Jan 2017 01:58:24 GMT connect:redis Redis returned err { [Error: Redis connection to 123.57.224.109:19002 failed - connect ECONNREFUSED 123.57.224.109:19002]
  code: 'ECONNREFUSED',
  errno: 'ECONNREFUSED',
  syscall: 'connect',
  address: '123.57.224.109',
  port: 19002 }
Wed, 04 Jan 2017 01:58:28 GMT connect:redis Redis returned err { [Error: Redis connection to 123.57.224.109:19002 failed - connect ECONNREFUSED 123.57.224.109:19002]
  code: 'ECONNREFUSED',
  errno: 'ECONNREFUSED',
  syscall: 'connect',
  address: '123.57.224.109',
  port: 19002 }
Wed, 04 Jan 2017 01:58:34 GMT connect:redis Redis returned err { [Error: Redis connection to 123.57.224.109:19002 failed - connect ECONNREFUSED 123.57.224.109:19002]
  code: 'ECONNREFUSED',
  errno: 'ECONNREFUSED',
  syscall: 'connect',
  address: '123.57.224.109',
  port: 19002 }
Wed, 04 Jan 2017 01:58:44 GMT connect:redis Redis returned err { [Error: Redis connection to 123.57.224.109:19002 failed - connect ECONNREFUSED 123.57.224.109:19002]
  code: 'ECONNREFUSED',
  errno: 'ECONNREFUSED',
  syscall: 'connect',
  address: '123.57.224.109',
  port: 19002 }
Wed, 04 Jan 2017 01:58:59 GMT connect:redis Redis returned err { [Error: Redis connection to 123.57.224.109:19002 failed - connect ECONNREFUSED 123.57.224.109:19002]
  code: 'ECONNREFUSED',
  errno: 'ECONNREFUSED',
  syscall: 'connect',
  address: '123.57.224.109',
  port: 19002 }
Wed, 04 Jan 2017 01:59:24 GMT connect:redis Redis returned err { [Error: Redis connection to 123.57.224.109:19002 failed - connect ECONNREFUSED 123.57.224.109:19002]
  code: 'ECONNREFUSED',
  errno: 'ECONNREFUSED',
  syscall: 'connect',
  address: '123.57.224.109',
  port: 19002 }
Wed, 04 Jan 2017 02:00:06 GMT connect:redis Redis returned err { [Error: Redis connection to 123.57.224.109:19002 failed - connect ECONNREFUSED 123.57.224.109:19002]
  code: 'ECONNREFUSED',
  errno: 'ECONNREFUSED',
  syscall: 'connect',
  address: '123.57.224.109',
  port: 19002 }
